>>>>>>>>>>>>>>> ONLY SPIN BEFORE  >>>>>>>>>>>>>>>>>>>>> 
>>>>>>>>>>>>>>>>>>>>>>>> CALL ONLY SPIN 1 >>>>>>>>>>>>>>>>>>>>> 
** Loading class ContentExtractor (content-extractor/ContentExtractor.php) 
** Loading class SiteConfig (content-extractor/SiteConfig.php) 
** Loading class FeedWriter (feedwriter/FeedWriter.php) 
** Loading class FeedItem (feedwriter/FeedItem.php) 
Could not find Content-Type header in HTTP response 
No character encoding found, so treating as UTF-8 
>>>>>>>>>>>>>>> ONLY SPIN BEFORE  >>>>>>>>>>>>>>>>>>>>> 
>>>>>>>>>>>>>>>>>>>>>>>> CALL ONLY SPIN 1 >>>>>>>>>>>>>>>>>>>>> 
** Loading class ContentExtractor (content-extractor/ContentExtractor.php) 
** Loading class SiteConfig (content-extractor/SiteConfig.php) 
** Loading class FeedWriter (feedwriter/FeedWriter.php) 
** Loading class FeedItem (feedwriter/FeedItem.php) 
Could not find Content-Type header in HTTP response 
No character encoding found, so treating as UTF-8 
>>>>>>>>>>>>>>> ONLY SPIN BEFORE  >>>>>>>>>>>>>>>>>>>>> 
>>>>>>>>>>>>>>>>>>>>>>>> CALL ONLY SPIN 1 >>>>>>>>>>>>>>>>>>>>> 
** Loading class ContentExtractor (content-extractor/ContentExtractor.php) 
** Loading class SiteConfig (content-extractor/SiteConfig.php) 
** Loading class FeedWriter (feedwriter/FeedWriter.php) 
** Loading class FeedItem (feedwriter/FeedItem.php) 
Could not find Content-Type header in HTTP response 
No character encoding found, so treating as UTF-8 
>>>>>>>>>>>>>>> ONLY SPIN BEFORE  >>>>>>>>>>>>>>>>>>>>> 
>>>>>>>>>>>>>>>>>>>>>>>> CALL ONLY SPIN 1 >>>>>>>>>>>>>>>>>>>>> 
** Loading class ContentExtractor (content-extractor/ContentExtractor.php) 
** Loading class SiteConfig (content-extractor/SiteConfig.php) 
** Loading class FeedWriter (feedwriter/FeedWriter.php) 
** Loading class FeedItem (feedwriter/FeedItem.php) 
Could not find Content-Type header in HTTP response 
No character encoding found, so treating as UTF-8 
>>>>>>>>>>>>>>> ONLY SPIN BEFORE  >>>>>>>>>>>>>>>>>>>>> 
>>>>>>>>>>>>>>>>>>>>>>>> CALL ONLY SPIN 1 >>>>>>>>>>>>>>>>>>>>> 
** Loading class ContentExtractor (content-extractor/ContentExtractor.php) 
** Loading class SiteConfig (content-extractor/SiteConfig.php) 
** Loading class FeedWriter (feedwriter/FeedWriter.php) 
** Loading class FeedItem (feedwriter/FeedItem.php) 
Could not find Content-Type header in HTTP response 
No character encoding found, so treating as UTF-8 
>>>>>>>>>>>>>>> ONLY SPIN BEFORE  >>>>>>>>>>>>>>>>>>>>> 
>>>>>>>>>>>>>>>>>>>>>>>> CALL ONLY SPIN 1 >>>>>>>>>>>>>>>>>>>>> 
** Loading class ContentExtractor (content-extractor/ContentExtractor.php) 
** Loading class SiteConfig (content-extractor/SiteConfig.php) 
** Loading class FeedWriter (feedwriter/FeedWriter.php) 
** Loading class FeedItem (feedwriter/FeedItem.php) 
Could not find Content-Type header in HTTP response 
No character encoding found, so treating as UTF-8 
>>>>>>>>>>>>>>> ONLY SPIN BEFORE  >>>>>>>>>>>>>>>>>>>>> 
>>>>>>>>>>>>>>>>>>>>>>>> CALL ONLY SPIN 1 >>>>>>>>>>>>>>>>>>>>> 
** Loading class ContentExtractor (content-extractor/ContentExtractor.php) 
** Loading class SiteConfig (content-extractor/SiteConfig.php) 
** Loading class FeedWriter (feedwriter/FeedWriter.php) 
** Loading class FeedItem (feedwriter/FeedItem.php) 
Could not find Content-Type header in HTTP response 
No character encoding found, so treating as UTF-8 
>>>>>>>>>>>>>>> ONLY SPIN BEFORE  >>>>>>>>>>>>>>>>>>>>> 
>>>>>>>>>>>>>>>>>>>>>>>> CALL ONLY SPIN 1 >>>>>>>>>>>>>>>>>>>>> 
** Loading class ContentExtractor (content-extractor/ContentExtractor.php) 
** Loading class SiteConfig (content-extractor/SiteConfig.php) 
** Loading class FeedWriter (feedwriter/FeedWriter.php) 
** Loading class FeedItem (feedwriter/FeedItem.php) 
Could not find Content-Type header in HTTP response 
No character encoding found, so treating as UTF-8 
>>>>>>>>>>>>>>> ONLY SPIN BEFORE  >>>>>>>>>>>>>>>>>>>>> 
>>>>>>>>>>>>>>>>>>>>>>>> CALL ONLY SPIN 1 >>>>>>>>>>>>>>>>>>>>> 
** Loading class ContentExtractor (content-extractor/ContentExtractor.php) 
** Loading class SiteConfig (content-extractor/SiteConfig.php) 
** Loading class FeedWriter (feedwriter/FeedWriter.php) 
** Loading class FeedItem (feedwriter/FeedItem.php) 
Could not find Content-Type header in HTTP response 
No character encoding found, so treating as UTF-8 
>>>>>>>>>>>>>>> ONLY SPIN BEFORE  >>>>>>>>>>>>>>>>>>>>> 
>>>>>>>>>>>>>>>>>>>>>>>> CALL ONLY SPIN 1 >>>>>>>>>>>>>>>>>>>>> 
** Loading class ContentExtractor (content-extractor/ContentExtractor.php) 
** Loading class SiteConfig (content-extractor/SiteConfig.php) 
** Loading class FeedWriter (feedwriter/FeedWriter.php) 
** Loading class FeedItem (feedwriter/FeedItem.php) 
Could not find Content-Type header in HTTP response 
No character encoding found, so treating as UTF-8 
>>>>>>>>>>>>>>> ONLY SPIN BEFORE  >>>>>>>>>>>>>>>>>>>>> 
>>>>>>>>>>>>>>>>>>>>>>>> CALL ONLY SPIN 1 >>>>>>>>>>>>>>>>>>>>> 
** Loading class ContentExtractor (content-extractor/ContentExtractor.php) 
** Loading class SiteConfig (content-extractor/SiteConfig.php) 
** Loading class FeedWriter (feedwriter/FeedWriter.php) 
** Loading class FeedItem (feedwriter/FeedItem.php) 
Could not find Content-Type header in HTTP response 
No character encoding found, so treating as UTF-8 
>>>>>>>>>>>>>>> ONLY SPIN BEFORE  >>>>>>>>>>>>>>>>>>>>> 
>>>>>>>>>>>>>>>>>>>>>>>> CALL ONLY SPIN 1 >>>>>>>>>>>>>>>>>>>>> 
** Loading class ContentExtractor (content-extractor/ContentExtractor.php) 
** Loading class SiteConfig (content-extractor/SiteConfig.php) 
** Loading class FeedWriter (feedwriter/FeedWriter.php) 
** Loading class FeedItem (feedwriter/FeedItem.php) 
Could not find Content-Type header in HTTP response 
No character encoding found, so treating as UTF-8 
