>>>>>>>>>>>>>> SUBJECT [<div>Schumer on &#39;stunning&#39; Bolton book news: &#39;We&#39;re all staring a White House cover-up in the face&#39;</div>]>>>>>>>>
 
>>>>>>>>>>>>>>>>>>>>>>>> UNIKE 1 >>>>>>>>>>>>>>>>>>>>>>>>>>>>>>>>>> 
>>>>>>>>>>>>>>>>>>>>>>>> UNIKE 2 >>>>>>>>>>>>>>>>>>>>>>>>>>>>>>>>>> 
>>>>>>>>>>>>>>>>>>>>>>>> UNIKE (END) >>>>>>>>>>>>>>>>>>>>>>>>>>>>>>>>>> 
>>>>>>>>>>>>>> SUBJECT [White supremacist appeals death penalty in church massacre]>>>>>>>>
 
>>>>>>>>>>>>>>>>>>>>>>>> UNIKE 1 >>>>>>>>>>>>>>>>>>>>>>>>>>>>>>>>>> 
>>>>>>>>>>>>>>>>>>>>>>>> UNIKE 2 >>>>>>>>>>>>>>>>>>>>>>>>>>>>>>>>>> 
>>>>>>>>>>>>>>>>>>>>>>>> UNIKE (END) >>>>>>>>>>>>>>>>>>>>>>>>>>>>>>>>>> 
>>>>>>>>>>>>>> SUBJECT [<div>U.N. criticizes Iraq trials of ISIS &#39;members&#39;, including human shields</div>]>>>>>>>>
 
>>>>>>>>>>>>>>>>>>>>>>>> UNIKE 1 >>>>>>>>>>>>>>>>>>>>>>>>>>>>>>>>>> 
>>>>>>>>>>>>>>>>>>>>>>>> UNIKE 2 >>>>>>>>>>>>>>>>>>>>>>>>>>>>>>>>>> 
>>>>>>>>>>>>>>>>>>>>>>>> UNIKE (END) >>>>>>>>>>>>>>>>>>>>>>>>>>>>>>>>>> 
>>>>>>>>>>>>>>>>>>>>>>>> UNIKE 1 >>>>>>>>>>>>>>>>>>>>>>>>>>>>>>>>>> 
>>>>>>>>>>>>>>>>>>>>>>>> UNIKE 2 >>>>>>>>>>>>>>>>>>>>>>>>>>>>>>>>>> 
>>>>>>>>>>>>>>>>>>>>>>>> UNIKE (END) >>>>>>>>>>>>>>>>>>>>>>>>>>>>>>>>>> 
>>>>>>>>>>>>>> SUBJECT [<div>Schumer on &#39;stunning&#39; Bolton book news: &#39;We&#39;re all staring a White House cover-up in the face&#39;</div>]>>>>>>>>
 
>>>>>>>>>>>>>>>>>>>>>>>> UNIKE 1 >>>>>>>>>>>>>>>>>>>>>>>>>>>>>>>>>> 
>>>>>>>>>>>>>>>>>>>>>>>> UNIKE 2 >>>>>>>>>>>>>>>>>>>>>>>>>>>>>>>>>> 
>>>>>>>>>>>>>>>>>>>>>>>> UNIKE (END) >>>>>>>>>>>>>>>>>>>>>>>>>>>>>>>>>> 
>>>>>>>>>>>>>> SUBJECT [China has called 6,000 medics into Wuhan to fight the deadly coronavirus as the number of infected outstrips SARS]>>>>>>>>
 
>>>>>>>>>>>>>>>>>>>>>>>> UNIKE 1 >>>>>>>>>>>>>>>>>>>>>>>>>>>>>>>>>> 
>>>>>>>>>>>>>>>>>>>>>>>> UNIKE 2 >>>>>>>>>>>>>>>>>>>>>>>>>>>>>>>>>> 
>>>>>>>>>>>>>>>>>>>>>>>> UNIKE (END) >>>>>>>>>>>>>>>>>>>>>>>>>>>>>>>>>> 
>>>>>>>>>>>>>> SUBJECT [<div>Biden&#39;s final Iowa drive sweeps through rival territory</div>]>>>>>>>>
 
>>>>>>>>>>>>>>>>>>>>>>>> UNIKE 1 >>>>>>>>>>>>>>>>>>>>>>>>>>>>>>>>>> 
>>>>>>>>>>>>>>>>>>>>>>>> UNIKE 2 >>>>>>>>>>>>>>>>>>>>>>>>>>>>>>>>>> 
>>>>>>>>>>>>>>>>>>>>>>>> UNIKE (END) >>>>>>>>>>>>>>>>>>>>>>>>>>>>>>>>>> 
>>>>>>>>>>>>>>>>>>>>>>>> UNIKE 1 >>>>>>>>>>>>>>>>>>>>>>>>>>>>>>>>>> 
>>>>>>>>>>>>>>>>>>>>>>>> UNIKE 2 >>>>>>>>>>>>>>>>>>>>>>>>>>>>>>>>>> 
>>>>>>>>>>>>>>>>>>>>>>>> UNIKE (END) >>>>>>>>>>>>>>>>>>>>>>>>>>>>>>>>>> 
