>>>>>>>>>>>> PROCESS FILES CURL >>>>>>>>>>>>>>>>>'<br />
<b>Notice</b>:  Undefined variable: debug_mode in <b>C:\\xampp\\htdocs\\dev\\article_bkp\\googlenews.php</b> on line <b>64</b><br />
<br />
<b>Notice</b>:  Undefined variable: debug_mode in <b>C:\\xampp\\htdocs\\dev\\article_bkp\\googlenews.php</b> on line <b>940</b><br />
<br />
<b>Notice</b>:  Undefined variable: debug_mode in <b>C:\\xampp\\htdocs\\dev\\article_bkp\\googlenews.php</b> on line <b>1005</b><br />
<br />
<b>Notice</b>:  Undefined variable: debug_mode in <b>C:\\xampp\\htdocs\\dev\\article_bkp\\googlenews.php</b> on line <b>64</b><br />
<br />
<b>Notice</b>:  Undefined variable: debug_mode in <b>C:\\xampp\\htdocs\\dev\\article_bkp\\googlenews.php</b> on line <b>940</b><br />
<br />
<b>Notice</b>:  Undefined variable: debug_mode in <b>C:\\xampp\\htdocs\\dev\\article_bkp\\googlenews.php</b> on line <b>1005</b><br />
<br />
<b>Notice</b>:  Undefined variable: debug_mode in <b>C:\\xampp\\htdocs\\dev\\article_bkp\\googlenews.php</b> on line <b>940</b><br />
<br />
<b>Notice</b>:  Undefined variable: debug_mode in <b>C:\\xampp\\htdocs\\dev\\article_bkp\\googlenews.php</b> on line <b>1005</b><br />
<br />
<b>Notice</b>:  Undefined variable: debug_mode in <b>C:\\xampp\\htdocs\\dev\\article_bkp\\googlenews.php</b> on line <b>940</b><br />
<br />
<b>Notice</b>:  Undefined variable: debug_mode in <b>C:\\xampp\\htdocs\\dev\\article_bkp\\googlenews.php</b> on line <b>1005</b><br />
<br />
<b>Notice</b>:  Undefined variable: debug_mode in <b>C:\\xampp\\htdocs\\dev\\article_bkp\\googlenews.php</b> on line <b>940</b><br />
<br />
<b>Notice</b>:  Undefined variable: debug_mode in <b>C:\\xampp\\htdocs\\dev\\article_bkp\\googlenews.php</b> on line <b>1005</b><br />
<br />
<b>Notice</b>:  Undefined variable: debug_mode in <b>C:\\xampp\\htdocs\\dev\\article_bkp\\googlenews.php</b> on line <b>940</b><br />
<br />
<b>Notice</b>:  Undefined variable: debug_mode in <b>C:\\xampp\\htdocs\\dev\\article_bkp\\googlenews.php</b> on line <b>1005</b><br />
<br />
<b>Notice</b>:  Undefined variable: debug_mode in <b>C:\\xampp\\htdocs\\dev\\article_bkp\\googlenews.php</b> on line <b>940</b><br />
<br />
<b>Notice</b>:  Undefined variable: debug_mode in <b>C:\\xampp\\htdocs\\dev\\article_bkp\\googlenews.php</b> on line <b>1005</b><br />
<br />
<b>Notice</b>:  Undefined variable: debug_mode in <b>C:\\xampp\\htdocs\\dev\\article_bkp\\googlenews.php</b> on line <b>940</b><br />
<br />
<b>Notice</b>:  Undefined variable: debug_mode in <b>C:\\xampp\\htdocs\\dev\\article_bkp\\googlenews.php</b> on line <b>1005</b><br />
<br />
<b>Notice</b>:  Undefined variable: debug_mode in <b>C:\\xampp\\htdocs\\dev\\article_bkp\\googlenews.php</b> on line <b>940</b><br />
<br />
<b>Notice</b>:  Undefined variable: debug_mode in <b>C:\\xampp\\htdocs\\dev\\article_bkp\\googlenews.php</b> on line <b>1005</b><br />
<br />
<b>Notice</b>:  Undefined variable: debug_mode in <b>C:\\xampp\\htdocs\\dev\\article_bkp\\googlenews.php</b> on line <b>940</b><br />
<br />
<b>Notice</b>:  Undefined variable: debug_mode in <b>C:\\xampp\\htdocs\\dev\\article_bkp\\googlenews.php</b> on line <b>1005</b><br />
' 
 >>>>>>>>>>>>>>>>>>>>>>>>>>>> FEED MAX CNT [3]>>>> 
